[2019-09-05 22:52:50.313] [exthost] [info] extension host started
[2019-09-05 22:52:54.295] [exthost] [info] extension host started
[2019-09-05 22:52:54.716] [exthost] [info] ExtensionService#_doActivateExtension christian-kohler.path-intellisense {"startup":true,"activationEvent":"*"}
[2019-09-05 22:52:54.719] [exthost] [info] ExtensionService#loadCommonJSModule C:\Users\Mateo Henao R\.p2\pool\plugins\com.genuitec.eclipse.code.extensions.core.win32.x86_64_3.4.0.201908201454\extensions\christian-kohler.path-intellisense-1.4.2\out\src\extension
[2019-09-05 22:52:55.799] [exthost] [info] ExtensionService#_doActivateExtension dbaeumer.vscode-eslint {"startup":true,"activationEvent":"*"}
[2019-09-05 22:52:55.800] [exthost] [info] ExtensionService#loadCommonJSModule C:\Users\Mateo Henao R\.p2\pool\plugins\com.genuitec.eclipse.code.extensions.core.win32.x86_64_3.4.0.201908201454\extensions\dbaeumer.vscode-eslint-1.9.0\client\out\extension
[2019-09-05 22:52:56.400] [exthost] [info] ExtensionService#_doActivateExtension vscode.debug-auto-launch {"startup":true,"activationEvent":"*"}
[2019-09-05 22:52:56.400] [exthost] [info] ExtensionService#loadCommonJSModule c:\Users\Mateo Henao R\.p2\pool\plugins\com.genuitec.eclipse.code.engine.app.win32.x86_64_3.4.0.201908201543\engine\resources\app\extensions\debug-auto-launch\dist\extension
[2019-09-05 22:52:56.602] [exthost] [info] ExtensionService#_doActivateExtension vscode.emmet {"startup":true,"activationEvent":"*"}
[2019-09-05 22:52:56.602] [exthost] [info] ExtensionService#loadCommonJSModule c:\Users\Mateo Henao R\.p2\pool\plugins\com.genuitec.eclipse.code.engine.app.win32.x86_64_3.4.0.201908201543\engine\resources\app\extensions\emmet\dist\extension
[2019-09-05 22:52:57.053] [exthost] [info] ExtensionService#_doActivateExtension formulahendry.auto-close-tag {"startup":true,"activationEvent":"*"}
[2019-09-05 22:52:57.053] [exthost] [info] ExtensionService#loadCommonJSModule C:\Users\Mateo Henao R\.p2\pool\plugins\com.genuitec.eclipse.code.extensions.core.win32.x86_64_3.4.0.201908201454\extensions\formulahendry.auto-close-tag-0.5.6\out\src\extension
[2019-09-05 22:52:57.229] [exthost] [info] ExtensionService#_doActivateExtension HookyQR.beautify {"startup":true,"activationEvent":"*"}
[2019-09-05 22:52:57.229] [exthost] [info] ExtensionService#loadCommonJSModule C:\Users\Mateo Henao R\.p2\pool\plugins\com.genuitec.eclipse.code.extensions.core.win32.x86_64_3.4.0.201908201454\extensions\hookyqr.beautify-1.4.11\extension
[2019-09-05 22:53:01.943] [exthost] [info] ExtensionService#_doActivateExtension vscode.grunt {"startup":false,"activationEvent":"onCommand:workbench.action.tasks.runTask"}
[2019-09-05 22:53:01.943] [exthost] [info] ExtensionService#loadCommonJSModule c:\Users\Mateo Henao R\.p2\pool\plugins\com.genuitec.eclipse.code.engine.app.win32.x86_64_3.4.0.201908201543\engine\resources\app\extensions\grunt\dist\main
[2019-09-05 22:53:02.063] [exthost] [info] ExtensionService#_doActivateExtension vscode.gulp {"startup":false,"activationEvent":"onCommand:workbench.action.tasks.runTask"}
[2019-09-05 22:53:02.064] [exthost] [info] ExtensionService#loadCommonJSModule c:\Users\Mateo Henao R\.p2\pool\plugins\com.genuitec.eclipse.code.engine.app.win32.x86_64_3.4.0.201908201543\engine\resources\app\extensions\gulp\dist\main
[2019-09-05 22:53:02.171] [exthost] [info] ExtensionService#_doActivateExtension vscode.jake {"startup":false,"activationEvent":"onCommand:workbench.action.tasks.runTask"}
[2019-09-05 22:53:02.171] [exthost] [info] ExtensionService#loadCommonJSModule c:\Users\Mateo Henao R\.p2\pool\plugins\com.genuitec.eclipse.code.engine.app.win32.x86_64_3.4.0.201908201543\engine\resources\app\extensions\jake\dist\main
[2019-09-05 22:53:02.291] [exthost] [info] ExtensionService#_doActivateExtension vscode.npm {"startup":false,"activationEvent":"onCommand:workbench.action.tasks.runTask"}
[2019-09-05 22:53:02.291] [exthost] [info] ExtensionService#loadCommonJSModule c:\Users\Mateo Henao R\.p2\pool\plugins\com.genuitec.eclipse.code.engine.app.win32.x86_64_3.4.0.201908201543\engine\resources\app\extensions\npm\dist\main
[2019-09-05 22:53:02.755] [exthost] [info] ExtensionService#_doActivateExtension vscode.typescript-language-features {"startup":false,"activationEvent":"onCommand:workbench.action.tasks.runTask"}
[2019-09-05 22:53:02.755] [exthost] [info] ExtensionService#loadCommonJSModule c:\Users\Mateo Henao R\.p2\pool\plugins\com.genuitec.eclipse.code.engine.app.win32.x86_64_3.4.0.201908201543\engine\resources\app\extensions\typescript-language-features\dist\extension
[2019-09-05 22:53:03.801] [exthost] [info] ExtensionService#_doActivateExtension vscode.configuration-editing {"startup":false,"activationEvent":"onLanguage:jsonc"}
[2019-09-05 22:53:03.801] [exthost] [info] ExtensionService#loadCommonJSModule c:\Users\Mateo Henao R\.p2\pool\plugins\com.genuitec.eclipse.code.engine.app.win32.x86_64_3.4.0.201908201543\engine\resources\app\extensions\configuration-editing\dist\extension
[2019-09-05 22:53:04.063] [exthost] [info] ExtensionService#_doActivateExtension vscode.json-language-features {"startup":false,"activationEvent":"onLanguage:jsonc"}
[2019-09-05 22:53:04.063] [exthost] [info] ExtensionService#loadCommonJSModule c:\Users\Mateo Henao R\.p2\pool\plugins\com.genuitec.eclipse.code.engine.app.win32.x86_64_3.4.0.201908201543\engine\resources\app\extensions\json-language-features\client\dist\jsonMain
[2019-09-05 22:53:05.015] [exthost] [info] eager extensions activated
