2019-09-27 15:41:22,188 [Worker-4: Loading available Gradle versions] INFO  o.e.b.c.i.u.g.PublishedGradleVersions - Gradle version information cache is up-to-date. Trying to read.
2019-09-27 15:43:03,000 [Worker-11: Updating Maven Project] INFO  o.e.m.c.i.p.ProjectConfigurationManager - Update started
2019-09-27 15:43:07,212 [Worker-11: Updating Maven Project] INFO  o.e.m.c.i.l.LifecycleMappingFactory - Using org.eclipse.m2e.jdt.JarLifecycleMapping lifecycle mapping for MavenProject: co.edu.uniquindio.hela:ProyectoEscritorio:0.0.1-SNAPSHOT @ C:\Users\Mateo Henao R\eclipse-workspace\UniMarket\ProyectoEscritorio\pom.xml.
2019-09-27 15:43:07,445 [Worker-11: Updating Maven Project] INFO  o.e.m.c.i.p.WorkspaceClassifierResolverManager - Resolving P/ProyectoPersistencia: co.edu.uniquindio.hela:ProyectoPersistencia:0.0.1-SNAPSHOT with classifier  to /ProyectoPersistencia/target/classes
2019-09-27 15:43:07,447 [Worker-11: Updating Maven Project] INFO  o.e.m.c.i.p.WorkspaceClassifierResolverManager - Resolving P/ProyectoNegocio: co.edu.uniquindio.hela:ProyectoNegocio:0.0.1-SNAPSHOT with classifier  to /ProyectoNegocio/target/classes
2019-09-27 15:43:07,643 [Worker-11: Updating Maven Project] INFO  o.e.m.c.i.l.LifecycleMappingFactory - Using org.maven.ide.eclipse.wtp.EarLifecycleMapping lifecycle mapping for MavenProject: co.edu.uniquindio.hela:ProyectoEAR:0.0.1-SNAPSHOT @ C:\Users\Mateo Henao R\eclipse-workspace\UniMarket\ProyectoEAR\pom.xml.
2019-09-27 15:43:07,647 [Worker-11: Updating Maven Project] INFO  o.e.m.c.i.p.WorkspaceClassifierResolverManager - Resolving P/ProyectoPersistencia: co.edu.uniquindio.hela:ProyectoPersistencia:0.0.1-SNAPSHOT with classifier  to /ProyectoPersistencia/target/classes
2019-09-27 15:43:07,647 [Worker-11: Updating Maven Project] INFO  o.e.m.c.i.p.WorkspaceClassifierResolverManager - Resolving P/ProyectoNegocio: co.edu.uniquindio.hela:ProyectoNegocio:0.0.1-SNAPSHOT with classifier  to /ProyectoNegocio/target/classes
2019-09-27 15:43:07,899 [Worker-11: Updating Maven Project] INFO  o.e.m.c.i.l.LifecycleMappingFactory - Using org.eclipse.m2e.jdt.JarLifecycleMapping lifecycle mapping for MavenProject: co.edu.uniquindio.hela:ProyectoPruebas:0.0.1-SNAPSHOT @ C:\Users\Mateo Henao R\eclipse-workspace\UniMarket\ProyectoPruebas\pom.xml.
2019-09-27 15:43:09,379 [Worker-11: Updating Maven Project] INFO  o.e.m.c.i.p.WorkspaceClassifierResolverManager - Resolving P/ProyectoPersistencia: co.edu.uniquindio.hela:ProyectoPersistencia:0.0.1-SNAPSHOT with classifier  to /ProyectoPersistencia/target/classes
2019-09-27 15:43:09,380 [Worker-11: Updating Maven Project] INFO  o.e.m.c.i.p.WorkspaceClassifierResolverManager - Resolving P/ProyectoNegocio: co.edu.uniquindio.hela:ProyectoNegocio:0.0.1-SNAPSHOT with classifier  to /ProyectoNegocio/target/classes
2019-09-27 15:43:10,134 [Worker-11: Updating Maven Project] INFO  o.e.m.c.i.l.LifecycleMappingFactory - Using org.maven.ide.eclipse.wtp.EjbLifecycleMapping lifecycle mapping for MavenProject: co.edu.uniquindio.hela:ProyectoNegocio:0.0.1-SNAPSHOT @ C:\Users\Mateo Henao R\eclipse-workspace\UniMarket\ProyectoNegocio\pom.xml.
2019-09-27 15:43:10,143 [Worker-11: Updating Maven Project] INFO  o.e.m.c.i.p.WorkspaceClassifierResolverManager - Resolving P/ProyectoPersistencia: co.edu.uniquindio.hela:ProyectoPersistencia:0.0.1-SNAPSHOT with classifier  to /ProyectoPersistencia/target/classes
2019-09-27 15:43:10,150 [Worker-11: Updating Maven Project] INFO  o.e.m.c.i.l.LifecycleMappingFactory - Using NULL lifecycle mapping for MavenProject: co.edu.uniquindio.hela:UniMarket:0.0.1-SNAPSHOT @ C:\Users\Mateo Henao R\eclipse-workspace\UniMarket\pom.xml.
2019-09-27 15:43:10,467 [Worker-11: Updating Maven Project] INFO  o.e.m.c.i.l.LifecycleMappingFactory - Using org.eclipse.m2e.jdt.JarLifecycleMapping lifecycle mapping for MavenProject: co.edu.uniquindio.hela:ProyectoPersistencia:0.0.1-SNAPSHOT @ C:\Users\Mateo Henao R\eclipse-workspace\UniMarket\ProyectoPersistencia\pom.xml.
2019-09-27 15:43:13,427 [Worker-11: Updating Maven Project] INFO  o.e.m.c.i.p.WorkspaceClassifierResolverManager - Resolving P/ProyectoPersistencia: co.edu.uniquindio.hela:ProyectoPersistencia:0.0.1-SNAPSHOT with classifier  to /ProyectoPersistencia/target/classes
2019-09-27 15:43:13,441 [Worker-11: Updating Maven Project] INFO  o.e.m.c.i.p.WorkspaceClassifierResolverManager - Resolving P/ProyectoNegocio: co.edu.uniquindio.hela:ProyectoNegocio:0.0.1-SNAPSHOT with classifier  to /ProyectoNegocio/target/classes
2019-09-27 15:43:14,830 [Worker-11: Updating Maven Project] INFO  o.e.m.c.i.embedder.EclipseLogger - Generating application.xml
2019-09-27 15:43:23,093 [Worker-11: Updating Maven Project] INFO  o.e.m.c.i.embedder.EclipseLogger - Generating application.xml
2019-09-27 15:43:23,982 [Worker-11: Updating Maven Project] INFO  o.e.m.j.i.AbstractJavaProjectConfigurator - Adding source folder /ProyectoEscritorio/src/main/java
2019-09-27 15:43:24,046 [Worker-11: Updating Maven Project] INFO  o.e.m.j.i.AbstractJavaProjectConfigurator - Adding resource folder /ProyectoEscritorio/src/main/resources
2019-09-27 15:43:24,097 [Worker-11: Updating Maven Project] INFO  o.e.m.j.i.AbstractJavaProjectConfigurator - Adding source folder /ProyectoEscritorio/src/test/java
2019-09-27 15:43:24,143 [Worker-11: Updating Maven Project] INFO  o.e.m.j.i.AbstractJavaProjectConfigurator - Adding resource folder /ProyectoEscritorio/src/test/resources
2019-09-27 15:43:24,581 [Worker-11: Updating Maven Project] INFO  o.e.m.j.i.AbstractJavaProjectConfigurator - Adding source folder /ProyectoNegocio/src/main/java
2019-09-27 15:43:24,582 [Worker-11: Updating Maven Project] INFO  o.e.m.j.i.AbstractJavaProjectConfigurator - Adding resource folder /ProyectoNegocio/src/main/resources
2019-09-27 15:43:24,585 [Worker-11: Updating Maven Project] INFO  o.e.m.j.i.AbstractJavaProjectConfigurator - Adding source folder /ProyectoNegocio/src/test/java
2019-09-27 15:43:24,586 [Worker-11: Updating Maven Project] INFO  o.e.m.j.i.AbstractJavaProjectConfigurator - Adding resource folder /ProyectoNegocio/src/test/resources
2019-09-27 15:43:26,511 [Worker-11: Updating Maven Project] INFO  o.e.m.j.i.AbstractJavaProjectConfigurator - Adding source folder /ProyectoPersistencia/src/main/java
2019-09-27 15:43:26,514 [Worker-11: Updating Maven Project] INFO  o.e.m.j.i.AbstractJavaProjectConfigurator - Adding resource folder /ProyectoPersistencia/src/main/resources
2019-09-27 15:43:26,713 [Worker-11: Updating Maven Project] INFO  o.e.m.j.i.AbstractJavaProjectConfigurator - Adding source folder /ProyectoPersistencia/src/test/java
2019-09-27 15:43:26,741 [Worker-11: Updating Maven Project] INFO  o.e.m.j.i.AbstractJavaProjectConfigurator - Adding resource folder /ProyectoPersistencia/src/test/resources
2019-09-27 15:43:27,652 [Worker-11: Updating Maven Project] INFO  o.e.m.j.i.AbstractJavaProjectConfigurator - Adding source folder /ProyectoPruebas/src/main/java
2019-09-27 15:43:27,653 [Worker-11: Updating Maven Project] INFO  o.e.m.j.i.AbstractJavaProjectConfigurator - Adding resource folder /ProyectoPruebas/src/main/resources
2019-09-27 15:43:27,872 [Worker-11: Updating Maven Project] INFO  o.e.m.j.i.AbstractJavaProjectConfigurator - Adding source folder /ProyectoPruebas/src/test/java
2019-09-27 15:43:28,063 [Worker-11: Updating Maven Project] INFO  o.e.m.j.i.AbstractJavaProjectConfigurator - Adding resource folder /ProyectoPruebas/src/test/resources
2019-09-27 15:43:34,300 [Worker-11: Updating Maven Project] INFO  o.e.m.w.i.f.ResourceFilteringBuildParticipant - Cleaning filtered folder for ProyectoEAR
2019-09-27 15:43:36,284 [Worker-11: Updating Maven Project] INFO  o.e.m.c.i.p.ProjectConfigurationManager - Update completed: 33 sec
2019-09-27 15:43:41,416 [Worker-10: Building workspace] INFO  o.e.m.c.i.p.WorkspaceClassifierResolverManager - Resolving P/ProyectoPersistencia: co.edu.uniquindio.hela:ProyectoPersistencia:0.0.1-SNAPSHOT with classifier  to /ProyectoPersistencia/target/classes
2019-09-27 15:43:41,417 [Worker-10: Building workspace] INFO  o.e.m.c.i.p.WorkspaceClassifierResolverManager - Resolving P/ProyectoNegocio: co.edu.uniquindio.hela:ProyectoNegocio:0.0.1-SNAPSHOT with classifier  to /ProyectoNegocio/target/classes
2019-09-27 15:43:41,456 [Worker-10: Building workspace] INFO  o.e.m.w.i.f.ResourceFilteringBuildParticipant - Changed resources require a complete clean of filtered resources of ProyectoEAR
2019-09-27 15:43:41,466 [Worker-10: Building workspace] INFO  o.e.m.w.i.f.ResourceFilteringBuildParticipant - Executing resource filtering for ProyectoEAR
2019-09-27 15:43:41,474 [Worker-10: Building workspace] WARN  o.e.m.c.i.embedder.EclipseLogger - The POM for org.apache.maven.plugins:maven-install-plugin:jar:2.4 is missing, no dependency information available
2019-09-27 15:43:41,554 [Worker-10: Building workspace] WARN  o.e.m.c.i.embedder.EclipseLogger - Using platform encoding (Cp1252 actually) to copy filtered resources, i.e. build is platform dependent!
2019-09-27 15:43:41,621 [Worker-10: Building workspace] INFO  o.e.m.c.i.embedder.EclipseLogger - Generating application.xml
2019-09-27 15:43:41,904 [Worker-10: Building workspace] WARN  o.e.m.c.i.embedder.EclipseLogger - Using platform encoding (Cp1252 actually) to copy filtered resources, i.e. build is platform dependent!
2019-09-27 15:43:41,986 [Worker-10: Building workspace] INFO  o.e.m.c.i.embedder.EclipseLogger - skip non existing resourceDirectory C:\Users\Mateo Henao R\eclipse-workspace\UniMarket\ProyectoEAR\src\main\resources
2019-09-27 15:43:44,026 [Worker-5: Building workspace] WARN  o.e.m.c.i.embedder.EclipseLogger - Using platform encoding (Cp1252 actually) to copy filtered resources, i.e. build is platform dependent!
2019-09-27 15:43:44,076 [Worker-5: Building workspace] INFO  o.e.m.c.i.embedder.EclipseLogger - Copying 1 resource
2019-09-27 15:43:44,135 [Worker-5: Building workspace] WARN  o.e.m.c.i.embedder.EclipseLogger - Using platform encoding (Cp1252 actually) to copy filtered resources, i.e. build is platform dependent!
2019-09-27 15:43:44,160 [Worker-5: Building workspace] INFO  o.e.m.c.i.embedder.EclipseLogger - Copying 0 resource
2019-09-27 15:43:46,705 [Worker-10: Building workspace] INFO  o.e.m.c.i.p.WorkspaceClassifierResolverManager - Resolving P/ProyectoPersistencia: co.edu.uniquindio.hela:ProyectoPersistencia:0.0.1-SNAPSHOT with classifier  to /ProyectoPersistencia/target/classes
2019-09-27 15:43:46,720 [Worker-10: Building workspace] WARN  o.e.m.c.i.embedder.EclipseLogger - Using platform encoding (Cp1252 actually) to copy filtered resources, i.e. build is platform dependent!
2019-09-27 15:43:46,918 [Worker-10: Building workspace] INFO  o.e.m.c.i.embedder.EclipseLogger - Copying 0 resource
2019-09-27 15:43:46,925 [Worker-10: Building workspace] WARN  o.e.m.c.i.embedder.EclipseLogger - Using platform encoding (Cp1252 actually) to copy filtered resources, i.e. build is platform dependent!
2019-09-27 15:43:47,426 [Worker-10: Building workspace] INFO  o.e.m.c.i.embedder.EclipseLogger - Copying 0 resource
2019-09-27 15:43:51,208 [Worker-6: Building workspace] INFO  o.e.m.c.i.p.WorkspaceClassifierResolverManager - Resolving P/ProyectoPersistencia: co.edu.uniquindio.hela:ProyectoPersistencia:0.0.1-SNAPSHOT with classifier  to /ProyectoPersistencia/target/classes
2019-09-27 15:43:51,208 [Worker-6: Building workspace] INFO  o.e.m.c.i.p.WorkspaceClassifierResolverManager - Resolving P/ProyectoNegocio: co.edu.uniquindio.hela:ProyectoNegocio:0.0.1-SNAPSHOT with classifier  to /ProyectoNegocio/target/classes
2019-09-27 15:43:51,302 [Worker-6: Building workspace] WARN  o.e.m.c.i.embedder.EclipseLogger - Using platform encoding (Cp1252 actually) to copy filtered resources, i.e. build is platform dependent!
2019-09-27 15:43:51,459 [Worker-6: Building workspace] INFO  o.e.m.c.i.embedder.EclipseLogger - Copying 0 resource
2019-09-27 15:43:51,465 [Worker-6: Building workspace] WARN  o.e.m.c.i.embedder.EclipseLogger - Using platform encoding (Cp1252 actually) to copy filtered resources, i.e. build is platform dependent!
2019-09-27 15:43:51,564 [Worker-6: Building workspace] INFO  o.e.m.c.i.embedder.EclipseLogger - Copying 0 resource
2019-09-27 15:43:54,692 [Worker-12: Building workspace] INFO  o.e.m.c.i.p.WorkspaceClassifierResolverManager - Resolving P/ProyectoPersistencia: co.edu.uniquindio.hela:ProyectoPersistencia:0.0.1-SNAPSHOT with classifier  to /ProyectoPersistencia/target/classes
2019-09-27 15:43:54,692 [Worker-12: Building workspace] INFO  o.e.m.c.i.p.WorkspaceClassifierResolverManager - Resolving P/ProyectoNegocio: co.edu.uniquindio.hela:ProyectoNegocio:0.0.1-SNAPSHOT with classifier  to /ProyectoNegocio/target/classes
2019-09-27 15:43:54,708 [Worker-12: Building workspace] WARN  o.e.m.c.i.embedder.EclipseLogger - Using platform encoding (Cp1252 actually) to copy filtered resources, i.e. build is platform dependent!
2019-09-27 15:43:55,752 [Worker-12: Building workspace] INFO  o.e.m.c.i.embedder.EclipseLogger - Copying 7 resources
2019-09-27 15:43:56,577 [Worker-12: Building workspace] WARN  o.e.m.c.i.embedder.EclipseLogger - Using platform encoding (Cp1252 actually) to copy filtered resources, i.e. build is platform dependent!
2019-09-27 15:43:56,606 [Worker-12: Building workspace] INFO  o.e.m.c.i.embedder.EclipseLogger - Copying 3 resources
2019-09-27 15:50:39,618 [Worker-1: Cleaning all projects] INFO  o.e.m.c.i.p.WorkspaceClassifierResolverManager - Resolving P/ProyectoPersistencia: co.edu.uniquindio.hela:ProyectoPersistencia:0.0.1-SNAPSHOT with classifier  to /ProyectoPersistencia/target/classes
2019-09-27 15:50:39,619 [Worker-1: Cleaning all projects] INFO  o.e.m.c.i.p.WorkspaceClassifierResolverManager - Resolving P/ProyectoNegocio: co.edu.uniquindio.hela:ProyectoNegocio:0.0.1-SNAPSHOT with classifier  to /ProyectoNegocio/target/classes
2019-09-27 15:50:39,990 [Worker-1: Cleaning all projects] INFO  o.e.m.w.i.f.ResourceFilteringBuildParticipant - Cleaning filtered folder for ProyectoEAR
2019-09-27 15:50:41,590 [Worker-1: Cleaning all projects] INFO  o.e.m.c.i.p.WorkspaceClassifierResolverManager - Resolving P/ProyectoPersistencia: co.edu.uniquindio.hela:ProyectoPersistencia:0.0.1-SNAPSHOT with classifier  to /ProyectoPersistencia/target/classes
2019-09-27 15:50:41,591 [Worker-1: Cleaning all projects] INFO  o.e.m.c.i.p.WorkspaceClassifierResolverManager - Resolving P/ProyectoNegocio: co.edu.uniquindio.hela:ProyectoNegocio:0.0.1-SNAPSHOT with classifier  to /ProyectoNegocio/target/classes
2019-09-27 15:50:42,510 [Worker-18: Building workspace] INFO  o.e.m.c.i.p.WorkspaceClassifierResolverManager - Resolving P/ProyectoPersistencia: co.edu.uniquindio.hela:ProyectoPersistencia:0.0.1-SNAPSHOT with classifier  to /ProyectoPersistencia/target/classes
2019-09-27 15:50:42,815 [Worker-18: Building workspace] INFO  o.e.m.c.i.p.WorkspaceClassifierResolverManager - Resolving P/ProyectoNegocio: co.edu.uniquindio.hela:ProyectoNegocio:0.0.1-SNAPSHOT with classifier  to /ProyectoNegocio/target/classes
2019-09-27 15:50:42,839 [Worker-18: Building workspace] INFO  o.e.m.w.i.f.ResourceFilteringBuildParticipant - Changed resources require a complete clean of filtered resources of ProyectoEAR
2019-09-27 15:50:42,916 [Worker-18: Building workspace] INFO  o.e.m.w.i.f.ResourceFilteringBuildParticipant - Executing resource filtering for ProyectoEAR
2019-09-27 15:50:42,976 [Worker-18: Building workspace] WARN  o.e.m.c.i.embedder.EclipseLogger - Using platform encoding (Cp1252 actually) to copy filtered resources, i.e. build is platform dependent!
2019-09-27 15:50:44,415 [Worker-18: Building workspace] INFO  o.e.m.c.i.embedder.EclipseLogger - Generating application.xml
2019-09-27 15:50:45,385 [Worker-18: Building workspace] WARN  o.e.m.c.i.embedder.EclipseLogger - Using platform encoding (Cp1252 actually) to copy filtered resources, i.e. build is platform dependent!
2019-09-27 15:50:45,431 [Worker-18: Building workspace] INFO  o.e.m.c.i.embedder.EclipseLogger - skip non existing resourceDirectory C:\Users\Mateo Henao R\eclipse-workspace\UniMarket\ProyectoEAR\src\main\resources
2019-09-27 15:50:47,201 [Worker-19: Building workspace] WARN  o.e.m.c.i.embedder.EclipseLogger - Using platform encoding (Cp1252 actually) to copy filtered resources, i.e. build is platform dependent!
2019-09-27 15:50:47,240 [Worker-19: Building workspace] INFO  o.e.m.c.i.embedder.EclipseLogger - Copying 1 resource
2019-09-27 15:50:47,316 [Worker-19: Building workspace] WARN  o.e.m.c.i.embedder.EclipseLogger - Using platform encoding (Cp1252 actually) to copy filtered resources, i.e. build is platform dependent!
2019-09-27 15:50:47,352 [Worker-19: Building workspace] INFO  o.e.m.c.i.embedder.EclipseLogger - Copying 0 resource
2019-09-27 15:50:49,807 [Worker-18: Building workspace] WARN  o.e.m.c.i.embedder.EclipseLogger - Using platform encoding (Cp1252 actually) to copy filtered resources, i.e. build is platform dependent!
2019-09-27 15:50:49,903 [Worker-18: Building workspace] INFO  o.e.m.c.i.embedder.EclipseLogger - Copying 0 resource
2019-09-27 15:50:50,032 [Worker-18: Building workspace] WARN  o.e.m.c.i.embedder.EclipseLogger - Using platform encoding (Cp1252 actually) to copy filtered resources, i.e. build is platform dependent!
2019-09-27 15:50:50,129 [Worker-18: Building workspace] INFO  o.e.m.c.i.embedder.EclipseLogger - Copying 0 resource
2019-09-27 15:50:52,355 [Worker-1: Building workspace] INFO  o.e.m.c.i.p.WorkspaceClassifierResolverManager - Resolving P/ProyectoPersistencia: co.edu.uniquindio.hela:ProyectoPersistencia:0.0.1-SNAPSHOT with classifier  to /ProyectoPersistencia/target/classes
2019-09-27 15:50:52,355 [Worker-1: Building workspace] INFO  o.e.m.c.i.p.WorkspaceClassifierResolverManager - Resolving P/ProyectoNegocio: co.edu.uniquindio.hela:ProyectoNegocio:0.0.1-SNAPSHOT with classifier  to /ProyectoNegocio/target/classes
2019-09-27 15:50:52,450 [Worker-1: Building workspace] WARN  o.e.m.c.i.embedder.EclipseLogger - Using platform encoding (Cp1252 actually) to copy filtered resources, i.e. build is platform dependent!
2019-09-27 15:50:52,478 [Worker-1: Building workspace] INFO  o.e.m.c.i.embedder.EclipseLogger - Copying 0 resource
2019-09-27 15:50:52,480 [Worker-1: Building workspace] WARN  o.e.m.c.i.embedder.EclipseLogger - Using platform encoding (Cp1252 actually) to copy filtered resources, i.e. build is platform dependent!
2019-09-27 15:50:52,493 [Worker-1: Building workspace] INFO  o.e.m.c.i.embedder.EclipseLogger - Copying 0 resource
2019-09-27 15:50:54,588 [Worker-19: Building workspace] INFO  o.e.m.c.i.p.WorkspaceClassifierResolverManager - Resolving P/ProyectoPersistencia: co.edu.uniquindio.hela:ProyectoPersistencia:0.0.1-SNAPSHOT with classifier  to /ProyectoPersistencia/target/classes
2019-09-27 15:50:54,589 [Worker-19: Building workspace] INFO  o.e.m.c.i.p.WorkspaceClassifierResolverManager - Resolving P/ProyectoNegocio: co.edu.uniquindio.hela:ProyectoNegocio:0.0.1-SNAPSHOT with classifier  to /ProyectoNegocio/target/classes
2019-09-27 15:50:55,449 [Worker-19: Building workspace] WARN  o.e.m.c.i.embedder.EclipseLogger - Using platform encoding (Cp1252 actually) to copy filtered resources, i.e. build is platform dependent!
2019-09-27 15:50:55,794 [Worker-19: Building workspace] INFO  o.e.m.c.i.embedder.EclipseLogger - Copying 7 resources
2019-09-27 15:50:55,836 [Worker-19: Building workspace] WARN  o.e.m.c.i.embedder.EclipseLogger - Using platform encoding (Cp1252 actually) to copy filtered resources, i.e. build is platform dependent!
2019-09-27 15:50:55,858 [Worker-19: Building workspace] INFO  o.e.m.c.i.embedder.EclipseLogger - Copying 3 resources
2019-09-27 15:51:33,816 [Worker-11: Updating Maven Project] INFO  o.e.m.c.i.p.ProjectConfigurationManager - Update started
2019-09-27 15:51:35,669 [Worker-11: Updating Maven Project] INFO  o.e.m.c.i.l.LifecycleMappingFactory - Using org.eclipse.m2e.jdt.JarLifecycleMapping lifecycle mapping for MavenProject: co.edu.uniquindio.hela:ProyectoEscritorio:0.0.1-SNAPSHOT @ C:\Users\Mateo Henao R\eclipse-workspace\UniMarket\ProyectoEscritorio\pom.xml.
2019-09-27 15:51:35,790 [Worker-11: Updating Maven Project] INFO  o.e.m.c.i.p.WorkspaceClassifierResolverManager - Resolving P/ProyectoPersistencia: co.edu.uniquindio.hela:ProyectoPersistencia:0.0.1-SNAPSHOT with classifier  to /ProyectoPersistencia/target/classes
2019-09-27 15:51:35,791 [Worker-11: Updating Maven Project] INFO  o.e.m.c.i.p.WorkspaceClassifierResolverManager - Resolving P/ProyectoNegocio: co.edu.uniquindio.hela:ProyectoNegocio:0.0.1-SNAPSHOT with classifier  to /ProyectoNegocio/target/classes
2019-09-27 15:51:35,945 [Worker-11: Updating Maven Project] INFO  o.e.m.c.i.l.LifecycleMappingFactory - Using org.maven.ide.eclipse.wtp.EarLifecycleMapping lifecycle mapping for MavenProject: co.edu.uniquindio.hela:ProyectoEAR:0.0.1-SNAPSHOT @ C:\Users\Mateo Henao R\eclipse-workspace\UniMarket\ProyectoEAR\pom.xml.
2019-09-27 15:51:35,947 [Worker-11: Updating Maven Project] INFO  o.e.m.c.i.p.WorkspaceClassifierResolverManager - Resolving P/ProyectoPersistencia: co.edu.uniquindio.hela:ProyectoPersistencia:0.0.1-SNAPSHOT with classifier  to /ProyectoPersistencia/target/classes
2019-09-27 15:51:35,959 [Worker-11: Updating Maven Project] INFO  o.e.m.c.i.p.WorkspaceClassifierResolverManager - Resolving P/ProyectoNegocio: co.edu.uniquindio.hela:ProyectoNegocio:0.0.1-SNAPSHOT with classifier  to /ProyectoNegocio/target/classes
2019-09-27 15:51:36,201 [Worker-11: Updating Maven Project] INFO  o.e.m.c.i.l.LifecycleMappingFactory - Using org.eclipse.m2e.jdt.JarLifecycleMapping lifecycle mapping for MavenProject: co.edu.uniquindio.hela:ProyectoPruebas:0.0.1-SNAPSHOT @ C:\Users\Mateo Henao R\eclipse-workspace\UniMarket\ProyectoPruebas\pom.xml.
2019-09-27 15:51:37,004 [Worker-11: Updating Maven Project] INFO  o.e.m.c.i.p.WorkspaceClassifierResolverManager - Resolving P/ProyectoPersistencia: co.edu.uniquindio.hela:ProyectoPersistencia:0.0.1-SNAPSHOT with classifier  to /ProyectoPersistencia/target/classes
2019-09-27 15:51:37,017 [Worker-11: Updating Maven Project] INFO  o.e.m.c.i.p.WorkspaceClassifierResolverManager - Resolving P/ProyectoNegocio: co.edu.uniquindio.hela:ProyectoNegocio:0.0.1-SNAPSHOT with classifier  to /ProyectoNegocio/target/classes
2019-09-27 15:51:37,469 [Worker-11: Updating Maven Project] INFO  o.e.m.c.i.l.LifecycleMappingFactory - Using org.maven.ide.eclipse.wtp.EjbLifecycleMapping lifecycle mapping for MavenProject: co.edu.uniquindio.hela:ProyectoNegocio:0.0.1-SNAPSHOT @ C:\Users\Mateo Henao R\eclipse-workspace\UniMarket\ProyectoNegocio\pom.xml.
2019-09-27 15:51:37,478 [Worker-11: Updating Maven Project] INFO  o.e.m.c.i.p.WorkspaceClassifierResolverManager - Resolving P/ProyectoPersistencia: co.edu.uniquindio.hela:ProyectoPersistencia:0.0.1-SNAPSHOT with classifier  to /ProyectoPersistencia/target/classes
2019-09-27 15:51:37,492 [Worker-11: Updating Maven Project] INFO  o.e.m.c.i.l.LifecycleMappingFactory - Using NULL lifecycle mapping for MavenProject: co.edu.uniquindio.hela:UniMarket:0.0.1-SNAPSHOT @ C:\Users\Mateo Henao R\eclipse-workspace\UniMarket\pom.xml.
2019-09-27 15:51:37,720 [Worker-11: Updating Maven Project] INFO  o.e.m.c.i.l.LifecycleMappingFactory - Using org.eclipse.m2e.jdt.JarLifecycleMapping lifecycle mapping for MavenProject: co.edu.uniquindio.hela:ProyectoPersistencia:0.0.1-SNAPSHOT @ C:\Users\Mateo Henao R\eclipse-workspace\UniMarket\ProyectoPersistencia\pom.xml.
2019-09-27 15:51:39,497 [Worker-11: Updating Maven Project] INFO  o.e.m.c.i.embedder.EclipseLogger - Generating application.xml
2019-09-27 15:51:42,752 [Worker-11: Updating Maven Project] INFO  o.e.m.c.i.embedder.EclipseLogger - Generating application.xml
2019-09-27 15:51:43,300 [Worker-11: Updating Maven Project] INFO  o.e.m.j.i.AbstractJavaProjectConfigurator - Adding source folder /ProyectoEscritorio/src/main/java
2019-09-27 15:51:43,904 [Worker-11: Updating Maven Project] INFO  o.e.m.j.i.AbstractJavaProjectConfigurator - Adding resource folder /ProyectoEscritorio/src/main/resources
2019-09-27 15:51:43,982 [Worker-11: Updating Maven Project] INFO  o.e.m.j.i.AbstractJavaProjectConfigurator - Adding source folder /ProyectoEscritorio/src/test/java
2019-09-27 15:51:44,332 [Worker-11: Updating Maven Project] INFO  o.e.m.j.i.AbstractJavaProjectConfigurator - Adding resource folder /ProyectoEscritorio/src/test/resources
2019-09-27 15:51:44,589 [Worker-11: Updating Maven Project] INFO  o.e.m.j.i.AbstractJavaProjectConfigurator - Adding source folder /ProyectoNegocio/src/main/java
2019-09-27 15:51:44,590 [Worker-11: Updating Maven Project] INFO  o.e.m.j.i.AbstractJavaProjectConfigurator - Adding resource folder /ProyectoNegocio/src/main/resources
2019-09-27 15:51:44,616 [Worker-11: Updating Maven Project] INFO  o.e.m.j.i.AbstractJavaProjectConfigurator - Adding source folder /ProyectoNegocio/src/test/java
2019-09-27 15:51:44,617 [Worker-11: Updating Maven Project] INFO  o.e.m.j.i.AbstractJavaProjectConfigurator - Adding resource folder /ProyectoNegocio/src/test/resources
2019-09-27 15:51:45,208 [Worker-11: Updating Maven Project] INFO  o.e.m.j.i.AbstractJavaProjectConfigurator - Adding source folder /ProyectoPersistencia/src/main/java
2019-09-27 15:51:45,208 [Worker-11: Updating Maven Project] INFO  o.e.m.j.i.AbstractJavaProjectConfigurator - Adding resource folder /ProyectoPersistencia/src/main/resources
2019-09-27 15:51:45,210 [Worker-11: Updating Maven Project] INFO  o.e.m.j.i.AbstractJavaProjectConfigurator - Adding source folder /ProyectoPersistencia/src/test/java
2019-09-27 15:51:45,210 [Worker-11: Updating Maven Project] INFO  o.e.m.j.i.AbstractJavaProjectConfigurator - Adding resource folder /ProyectoPersistencia/src/test/resources
2019-09-27 15:51:46,510 [Worker-11: Updating Maven Project] INFO  o.e.m.j.i.AbstractJavaProjectConfigurator - Adding source folder /ProyectoPruebas/src/main/java
2019-09-27 15:51:46,510 [Worker-11: Updating Maven Project] INFO  o.e.m.j.i.AbstractJavaProjectConfigurator - Adding resource folder /ProyectoPruebas/src/main/resources
2019-09-27 15:51:46,511 [Worker-11: Updating Maven Project] INFO  o.e.m.j.i.AbstractJavaProjectConfigurator - Adding source folder /ProyectoPruebas/src/test/java
2019-09-27 15:51:46,512 [Worker-11: Updating Maven Project] INFO  o.e.m.j.i.AbstractJavaProjectConfigurator - Adding resource folder /ProyectoPruebas/src/test/resources
2019-09-27 15:51:48,353 [Worker-11: Updating Maven Project] INFO  o.e.m.w.i.f.ResourceFilteringBuildParticipant - Cleaning filtered folder for ProyectoEAR
2019-09-27 15:51:48,765 [Worker-11: Updating Maven Project] INFO  o.e.m.c.i.p.ProjectConfigurationManager - Update completed: 14 sec
2019-09-27 15:51:52,123 [Worker-19: Building workspace] INFO  o.e.m.c.i.p.WorkspaceClassifierResolverManager - Resolving P/ProyectoPersistencia: co.edu.uniquindio.hela:ProyectoPersistencia:0.0.1-SNAPSHOT with classifier  to /ProyectoPersistencia/target/classes
2019-09-27 15:51:52,124 [Worker-19: Building workspace] INFO  o.e.m.c.i.p.WorkspaceClassifierResolverManager - Resolving P/ProyectoNegocio: co.edu.uniquindio.hela:ProyectoNegocio:0.0.1-SNAPSHOT with classifier  to /ProyectoNegocio/target/classes
2019-09-27 15:51:52,338 [Worker-19: Building workspace] INFO  o.e.m.w.i.f.ResourceFilteringBuildParticipant - Changed resources require a complete clean of filtered resources of ProyectoEAR
2019-09-27 15:51:52,339 [Worker-19: Building workspace] INFO  o.e.m.w.i.f.ResourceFilteringBuildParticipant - Executing resource filtering for ProyectoEAR
2019-09-27 15:51:52,429 [Worker-19: Building workspace] WARN  o.e.m.c.i.embedder.EclipseLogger - Using platform encoding (Cp1252 actually) to copy filtered resources, i.e. build is platform dependent!
2019-09-27 15:51:52,591 [Worker-19: Building workspace] INFO  o.e.m.c.i.embedder.EclipseLogger - Generating application.xml
2019-09-27 15:51:52,653 [Worker-19: Building workspace] WARN  o.e.m.c.i.embedder.EclipseLogger - Using platform encoding (Cp1252 actually) to copy filtered resources, i.e. build is platform dependent!
2019-09-27 15:51:52,845 [Worker-19: Building workspace] INFO  o.e.m.c.i.embedder.EclipseLogger - skip non existing resourceDirectory C:\Users\Mateo Henao R\eclipse-workspace\UniMarket\ProyectoEAR\src\main\resources
2019-09-27 15:51:53,845 [Worker-1: Building workspace] WARN  o.e.m.c.i.embedder.EclipseLogger - Using platform encoding (Cp1252 actually) to copy filtered resources, i.e. build is platform dependent!
2019-09-27 15:51:53,919 [Worker-1: Building workspace] INFO  o.e.m.c.i.embedder.EclipseLogger - Copying 1 resource
2019-09-27 15:51:54,110 [Worker-1: Building workspace] WARN  o.e.m.c.i.embedder.EclipseLogger - Using platform encoding (Cp1252 actually) to copy filtered resources, i.e. build is platform dependent!
2019-09-27 15:51:54,177 [Worker-1: Building workspace] INFO  o.e.m.c.i.embedder.EclipseLogger - Copying 0 resource
2019-09-27 15:51:56,470 [Worker-20: Building workspace] INFO  o.e.m.c.i.p.WorkspaceClassifierResolverManager - Resolving P/ProyectoPersistencia: co.edu.uniquindio.hela:ProyectoPersistencia:0.0.1-SNAPSHOT with classifier  to /ProyectoPersistencia/target/classes
2019-09-27 15:51:56,480 [Worker-20: Building workspace] WARN  o.e.m.c.i.embedder.EclipseLogger - Using platform encoding (Cp1252 actually) to copy filtered resources, i.e. build is platform dependent!
2019-09-27 15:51:56,521 [Worker-20: Building workspace] INFO  o.e.m.c.i.embedder.EclipseLogger - Copying 0 resource
2019-09-27 15:51:56,523 [Worker-20: Building workspace] WARN  o.e.m.c.i.embedder.EclipseLogger - Using platform encoding (Cp1252 actually) to copy filtered resources, i.e. build is platform dependent!
2019-09-27 15:51:56,603 [Worker-20: Building workspace] INFO  o.e.m.c.i.embedder.EclipseLogger - Copying 0 resource
2019-09-27 15:51:58,171 [Worker-11: Building workspace] INFO  o.e.m.c.i.p.WorkspaceClassifierResolverManager - Resolving P/ProyectoPersistencia: co.edu.uniquindio.hela:ProyectoPersistencia:0.0.1-SNAPSHOT with classifier  to /ProyectoPersistencia/target/classes
2019-09-27 15:51:58,172 [Worker-11: Building workspace] INFO  o.e.m.c.i.p.WorkspaceClassifierResolverManager - Resolving P/ProyectoNegocio: co.edu.uniquindio.hela:ProyectoNegocio:0.0.1-SNAPSHOT with classifier  to /ProyectoNegocio/target/classes
2019-09-27 15:51:58,211 [Worker-11: Building workspace] WARN  o.e.m.c.i.embedder.EclipseLogger - Using platform encoding (Cp1252 actually) to copy filtered resources, i.e. build is platform dependent!
2019-09-27 15:51:58,224 [Worker-11: Building workspace] INFO  o.e.m.c.i.embedder.EclipseLogger - Copying 0 resource
2019-09-27 15:51:58,226 [Worker-11: Building workspace] WARN  o.e.m.c.i.embedder.EclipseLogger - Using platform encoding (Cp1252 actually) to copy filtered resources, i.e. build is platform dependent!
2019-09-27 15:51:58,252 [Worker-11: Building workspace] INFO  o.e.m.c.i.embedder.EclipseLogger - Copying 0 resource
2019-09-27 15:52:00,121 [Worker-21: Building workspace] INFO  o.e.m.c.i.p.WorkspaceClassifierResolverManager - Resolving P/ProyectoPersistencia: co.edu.uniquindio.hela:ProyectoPersistencia:0.0.1-SNAPSHOT with classifier  to /ProyectoPersistencia/target/classes
2019-09-27 15:52:00,122 [Worker-21: Building workspace] INFO  o.e.m.c.i.p.WorkspaceClassifierResolverManager - Resolving P/ProyectoNegocio: co.edu.uniquindio.hela:ProyectoNegocio:0.0.1-SNAPSHOT with classifier  to /ProyectoNegocio/target/classes
2019-09-27 15:52:00,132 [Worker-21: Building workspace] WARN  o.e.m.c.i.embedder.EclipseLogger - Using platform encoding (Cp1252 actually) to copy filtered resources, i.e. build is platform dependent!
2019-09-27 15:52:00,458 [Worker-21: Building workspace] INFO  o.e.m.c.i.embedder.EclipseLogger - Copying 7 resources
2019-09-27 15:52:00,631 [Worker-21: Building workspace] WARN  o.e.m.c.i.embedder.EclipseLogger - Using platform encoding (Cp1252 actually) to copy filtered resources, i.e. build is platform dependent!
2019-09-27 15:52:00,643 [Worker-21: Building workspace] INFO  o.e.m.c.i.embedder.EclipseLogger - Copying 3 resources
2019-09-27 15:54:46,579 [Worker-1: Launching Main] INFO  o.e.m.c.i.p.WorkspaceClassifierResolverManager - Resolving P/ProyectoPersistencia: co.edu.uniquindio.hela:ProyectoPersistencia:0.0.1-SNAPSHOT with classifier null to /ProyectoPersistencia/target/classes
2019-09-27 15:54:46,581 [Worker-1: Launching Main] INFO  o.e.m.c.i.p.WorkspaceClassifierResolverManager - Resolving P/ProyectoNegocio: co.edu.uniquindio.hela:ProyectoNegocio:0.0.1-SNAPSHOT with classifier null to /ProyectoNegocio/target/classes
